Starting batch_load execution at 10/08/2019 – 17:52:58,87 
ago 10, 2019 5:52:59 PM cspro2sql.Main main
GRAVE: Could not access dictionary files. Please check the paths specified in your properties file
java.lang.NullPointerException
	at java.io.Reader.<init>(Unknown Source)
	at java.io.InputStreamReader.<init>(Unknown Source)
	at cspro2sql.reader.DictionaryReader.read(DictionaryReader.java:95)
	at cspro2sql.reader.DictionaryReader.parseDictionary(DictionaryReader.java:57)
	at cspro2sql.reader.DictionaryReader.parseDictionaries(DictionaryReader.java:48)
	at cspro2sql.Main.main(Main.java:66)

Exception in thread "main" java.lang.NullPointerException
	at cspro2sql.Main.main(Main.java:69)
Starting batch_load execution at 10/08/2019 – 17:54:47,53 
ago 10, 2019 5:54:47 PM cspro2sql.Main main
GRAVE: Could not access dictionary files. Please check the paths specified in your properties file
java.lang.NullPointerException
	at java.io.Reader.<init>(Unknown Source)
	at java.io.InputStreamReader.<init>(Unknown Source)
	at cspro2sql.reader.DictionaryReader.read(DictionaryReader.java:95)
	at cspro2sql.reader.DictionaryReader.parseDictionary(DictionaryReader.java:57)
	at cspro2sql.reader.DictionaryReader.parseDictionaries(DictionaryReader.java:48)
	at cspro2sql.Main.main(Main.java:66)

Exception in thread "main" java.lang.NullPointerException
	at cspro2sql.Main.main(Main.java:69)
Starting batch_load execution at 10/08/2019 – 17:55:58,62 
ago 10, 2019 5:55:58 PM cspro2sql.Main main
GRAVE: Could not access dictionary files. Please check the paths specified in your properties file
java.lang.NullPointerException
	at java.io.Reader.<init>(Unknown Source)
	at java.io.InputStreamReader.<init>(Unknown Source)
	at cspro2sql.reader.DictionaryReader.read(DictionaryReader.java:95)
	at cspro2sql.reader.DictionaryReader.parseDictionary(DictionaryReader.java:57)
	at cspro2sql.reader.DictionaryReader.parseDictionaries(DictionaryReader.java:48)
	at cspro2sql.Main.main(Main.java:66)

Exception in thread "main" java.lang.NullPointerException
	at cspro2sql.Main.main(Main.java:69)
Starting batch_load execution at 10/08/2019 – 17:58:46,24 
ago 10, 2019 5:58:46 PM cspro2sql.Main main
GRAVE: Could not access dictionary files. Please check the paths specified in your properties file
java.lang.NullPointerException
	at java.io.Reader.<init>(Unknown Source)
	at java.io.InputStreamReader.<init>(Unknown Source)
	at cspro2sql.reader.DictionaryReader.read(DictionaryReader.java:95)
	at cspro2sql.reader.DictionaryReader.parseDictionary(DictionaryReader.java:57)
	at cspro2sql.reader.DictionaryReader.parseDictionaries(DictionaryReader.java:48)
	at cspro2sql.Main.main(Main.java:66)

Exception in thread "main" java.lang.NullPointerException
	at cspro2sql.Main.main(Main.java:69)
Starting batch_load execution at 10/08/2019 – 18:03:44,64 
ago 10, 2019 6:03:44 PM cspro2sql.Main main
GRAVE: Could not access dictionary files. Please check the paths specified in your properties file
java.lang.NullPointerException
	at java.io.Reader.<init>(Unknown Source)
	at java.io.InputStreamReader.<init>(Unknown Source)
	at cspro2sql.reader.DictionaryReader.read(DictionaryReader.java:95)
	at cspro2sql.reader.DictionaryReader.parseDictionary(DictionaryReader.java:57)
	at cspro2sql.reader.DictionaryReader.parseDictionaries(DictionaryReader.java:48)
	at cspro2sql.Main.main(Main.java:66)

Exception in thread "main" java.lang.NullPointerException
	at cspro2sql.Main.main(Main.java:69)
Starting batch_load execution at 10/08/2019 – 18:06:37,13 
10/08/2019 18:06:40 Starting data transfer from CsPro/HOUSEHOLD_DICT to MySql... [420 -> 420]

10/08/2019 18:06:40 Data transfer completed!
Loaded: 0
Deleted: 0
Errors: 0
Total: 0
Time: 00:00:00
10/08/2019 18:06:40 Starting data transfer from CsPro/LISTING_DICT to MySql... [587 -> 587]

10/08/2019 18:06:40 Data transfer completed!
Loaded: 0
Deleted: 0
Errors: 0
Total: 0
Time: 00:00:00
10/08/2019 18:06:40 Starting data transfer from CsPro/EA_CODE_DICT to MySql... [5 -> 5]

10/08/2019 18:06:40 Data transfer completed!
Loaded: 0
Deleted: 0
Errors: 0
Total: 0
Time: 00:00:00
